   NID    (HEX)    NODENAME     TYPE ARCH        OS CPUS  CU AVAILMEM   PAGESZ CLOCKMHZ GPU SOCKETS DIES C/CU                           LABEL0                           LABEL1                           LABEL2                           LABEL3
     0      0x0  c0-0c0s0n0  service   xt (service)    6   6    16384     4096     2200   0       1    1    1                                                                                                                                    
     1      0x1  c0-0c0s0n1  service   xt (service)    6   6    16384     4096     2200   0       1    1    1                                                                                                                                    
     2      0x2  c0-0c0s1n0  compute   xt       CNL   16   8    32768     4096     2100   1       1    2    2                                                                                                                                    
     3      0x3  c0-0c0s1n1  compute   xt       CNL   16   8    32768     4096     2100   1       1    2    2                                                                                                                                    
     4      0x4  c0-0c0s2n0  compute   xt       CNL   16   8    32768     4096     2100   1       1    2    2                                                                                                                                    
     5      0x5  c0-0c0s2n1  compute   xt       CNL   16   8    32768     4096     2100   1       1    2    2                                                                                                                                    
     6      0x6  c0-0c0s3n0  compute   xt       CNL   16   8    32768     4096     2100   1       1    2    2                                                                                                                                    
     7      0x7  c0-0c0s3n1  compute   xt       CNL   16   8    32768     4096     2100   1       1    2    2                                                                                                                                    
     8      0x8  c0-0c0s4n0  service   xt (service)    6   6    16384     4096     2200   0       1    1    1                                                                                                                                    
     9      0x9  c0-0c0s4n1  service   xt (service)    6   6    16384     4096     2200   0       1    1    1                                                                                                                                    
    10      0xa  c0-0c0s5n0  compute   xt       CNL   16   8    32768     4096     2100   1       1    2    2                                                                                                                                    
    11      0xb  c0-0c0s5n1  compute   xt       CNL   16   8    32768     4096     2100   1       1    2    2                                                                                                                                    
    12      0xc  c0-0c0s6n0  compute   xt       CNL   16   8    32768     4096     2100   1       1    2    2                                                                                                                                    
    13      0xd  c0-0c0s6n1  compute   xt       CNL   16   8    32768     4096     2100   1       1    2    2                                                                                                                                    
    14      0xe  c0-0c0s7n0  compute   xt       CNL   16   8    32768     4096     2100   1       1    2    2                                                                                                                                    
    15      0xf  c0-0c0s7n1  compute   xt       CNL   16   8    32768     4096     2100   1       1    2    2                                                                                                                                    
    16     0x10  c0-0c0s7n2  compute   xt       CNL   16   8    32768     4096     2100   1       1    2    2                                                                                                                                    
    17     0x11  c0-0c0s7n3  compute   xt       CNL   16   8    32768     4096     2100   1       1    2    2                                                                                                                                    
    18     0x12  c0-0c0s6n2  compute   xt       CNL   16   8    32768     4096     2100   1       1    2    2                                                                                                                                    
    19     0x13  c0-0c0s6n3  compute   xt       CNL   16   8    32768     4096     2100   1       1    2    2                                                                                                                                    
    20     0x14  c0-0c0s5n2  compute   xt       CNL   16   8    32768     4096     2100   1       1    2    2                                                                                                                                    
    21     0x15  c0-0c0s5n3  compute   xt       CNL   16   8    32768     4096     2100   1       1    2    2                                                                                                                                    
    22     0x16  c0-0c0s4n2  service   xt (service)    6   6    16384     4096     2200   0       1    1    1                                                                                                                                    
    23     0x17  c0-0c0s4n3  service   xt (service)    6   6    16384     4096     2200   0       1    1    1                                                                                                                                    
    24     0x18  c0-0c0s3n2  compute   xt       CNL   16   8    32768     4096     2100   1       1    2    2                                                                                                                                    
    25     0x19  c0-0c0s3n3  compute   xt       CNL   16   8    32768     4096     2100   1       1    2    2                                                                                                                                    
    26     0x1a  c0-0c0s2n2  compute   xt       CNL   16   8    32768     4096     2100   1       1    2    2                                                                                                                                    
    27     0x1b  c0-0c0s2n3  compute   xt       CNL   16   8    32768     4096     2100   1       1    2    2                                                                                                                                    
    28     0x1c  c0-0c0s1n2  compute   xt       CNL   16   8    32768     4096     2100   1       1    2    2                                                                                                                                    
    29     0x1d  c0-0c0s1n3  compute   xt       CNL   16   8    32768     4096     2100   1       1    2    2                                                                                                                                    
    30     0x1e  c0-0c0s0n2  service   xt (service)    6   6    16384     4096     2200   0       1    1    1                                                                                                                                    
    31     0x1f  c0-0c0s0n3  service   xt (service)    6   6    16384     4096     2200   0       1    1    1                                                                                                                                    
    32     0x20  c0-0c1s0n2  compute   xt       CNL   16   8    32768     4096     2100   1       1    2    2                                                                                                                                    
    33     0x21  c0-0c1s0n3  compute   xt       CNL   16   8    32768     4096     2100   1       1    2    2                                                                                                                                    
    34     0x22  c0-0c1s1n2  compute   xt       CNL   16   8    32768     4096     2100   1       1    2    2                                                                                                                                    
    35     0x23  c0-0c1s1n3  compute   xt       CNL   16   8    32768     4096     2100   1       1    2    2                                                                                                                                    
    36     0x24  c0-0c1s2n2  service   xt (service)    6   6    16384     4096     2200   0       1    1    1                                                                                                                                    
    37     0x25  c0-0c1s2n3  service   xt (service)    6   6    16384     4096     2200   0       1    1    1                                                                                                                                    
    38     0x26  c0-0c1s3n2  compute   xt       CNL   16   8    32768     4096     2100   1       1    2    2                                                                                                                                    
    39     0x27  c0-0c1s3n3  compute   xt       CNL   16   8    32768     4096     2100   1       1    2    2                                                                                                                                    
    40     0x28  c0-0c1s4n2  compute   xt       CNL   16   8    32768     4096     2100   1       1    2    2                                                                                                                                    
    41     0x29  c0-0c1s4n3  compute   xt       CNL   16   8    32768     4096     2100   1       1    2    2                                                                                                                                    
    42     0x2a  c0-0c1s5n2  compute   xt       CNL   16   8    32768     4096     2100   1       1    2    2                                                                                                                                    
    43     0x2b  c0-0c1s5n3  compute   xt       CNL   16   8    32768     4096     2100   1       1    2    2                                                                                                                                    
    44     0x2c  c0-0c1s6n2  compute   xt       CNL   16   8    32768     4096     2100   1       1    2    2                                                                                                                                    
    45     0x2d  c0-0c1s6n3  compute   xt       CNL   16   8    32768     4096     2100   1       1    2    2                                                                                                                                    
    46     0x2e  c0-0c1s7n2  compute   xt       CNL   16   8    32768     4096     2100   1       1    2    2                                                                                                                                    
    47     0x2f  c0-0c1s7n3  compute   xt       CNL   16   8    32768     4096     2100   1       1    2    2                                                                                                                                    
    48     0x30  c0-0c1s7n0  compute   xt       CNL   16   8    32768     4096     2100   1       1    2    2                                                                                                                                    
    49     0x31  c0-0c1s7n1  compute   xt       CNL   16   8    32768     4096     2100   1       1    2    2                                                                                                                                    
    50     0x32  c0-0c1s6n0  compute   xt       CNL   16   8    32768     4096     2100   1       1    2    2                                                                                                                                    
    51     0x33  c0-0c1s6n1  compute   xt       CNL   16   8    32768     4096     2100   1       1    2    2                                                                                                                                    
    52     0x34  c0-0c1s5n0  compute   xt       CNL   16   8    32768     4096     2100   1       1    2    2                                                                                                                                    
    53     0x35  c0-0c1s5n1  compute   xt       CNL   16   8    32768     4096     2100   1       1    2    2                                                                                                                                    
    54     0x36  c0-0c1s4n0  compute   xt       CNL   16   8    32768     4096     2100   1       1    2    2                                                                                                                                    
    55     0x37  c0-0c1s4n1  compute   xt       CNL   16   8    32768     4096     2100   1       1    2    2                                                                                                                                    
    56     0x38  c0-0c1s3n0  compute   xt       CNL   16   8    32768     4096     2100   1       1    2    2                                                                                                                                    
    57     0x39  c0-0c1s3n1  compute   xt       CNL   16   8    32768     4096     2100   1       1    2    2                                                                                                                                    
    58     0x3a  c0-0c1s2n0  service   xt (service)    6   6    16384     4096     2200   0       1    1    1                                                                                                                                    
    59     0x3b  c0-0c1s2n1  service   xt (service)    6   6    16384     4096     2200   0       1    1    1                                                                                                                                    
    60     0x3c  c0-0c1s1n0  compute   xt       CNL   16   8    32768     4096     2100   1       1    2    2                                                                                                                                    
    61     0x3d  c0-0c1s1n1  compute   xt       CNL   16   8    32768     4096     2100   1       1    2    2                                                                                                                                    
    62     0x3e  c0-0c1s0n0  compute   xt       CNL   16   8    32768     4096     2100   1       1    2    2                                                                                                                                    
    63     0x3f  c0-0c1s0n1  compute   xt       CNL   16   8    32768     4096     2100   1       1    2    2                                                                                                                                    

